[10:50:25] [main/INFO]: Setting user: Player537
[10:50:29] [Client thread/INFO]: LWJGL Version: 2.9.1
[10:50:31] [Client thread/ERROR]: Couldn't initialize twitch stream
[10:50:48] [Client thread/INFO]: Reloading ResourceManager: Default, FMLFileResourcePack:Forge Mod Loader, FMLFileResourcePack:Minecraft Forge, FMLFileResourcePack:Pvp Faction icronome
[10:50:50] [Sound Library Loader/INFO]: Sound engine started
[10:50:54] [Client thread/INFO]: Created: 16x16 textures/blocks-atlas
[10:50:54] [Client thread/INFO]: Created: 16x16 textures/items-atlas
[10:50:54] [Client thread/INFO]: Reloading ResourceManager: Default, FMLFileResourcePack:Forge Mod Loader, FMLFileResourcePack:Minecraft Forge, FMLFileResourcePack:Pvp Faction icronome
[10:50:55] [Client thread/INFO]: Created: 512x256 textures/blocks-atlas
[10:50:55] [Client thread/INFO]: Created: 256x256 textures/items-atlas
[10:50:56] [Sound Library Loader/INFO]: Sound engine started
[10:51:10] [Server thread/INFO]: Starting integrated minecraft server version 1.7.10
[10:51:10] [Server thread/INFO]: Generating keypair
[10:51:18] [Server thread/INFO]: Preparing start region for level 0
[10:51:19] [Server thread/INFO]: Preparing spawn area: 3%
[10:51:20] [Server thread/INFO]: Changing view distance to 12, from 10
[10:51:21] [Server thread/INFO]: Player537[local:E:429dfa09] logged in with entity id 362 at (181.46007158333646, 64.0, 43.786795972543516)
[10:51:21] [Server thread/INFO]: Player537 a rejoint la partie
[10:51:26] [pool-2-thread-1/WARN]: Couldn't look up profile properties for com.mojang.authlib.GameProfile@1df821a5[id=44915209-9814-3995-87c7-f4dc48b55294,name=Player537,properties={},legacy=false]
com.mojang.authlib.exceptions.AuthenticationUnavailableException: Cannot contact authentication server
	at com.mojang.authlib.yggdrasil.YggdrasilAuthenticationService.makeRequest(YggdrasilAuthenticationService.java:71) ~[YggdrasilAuthenticationService.class:?]
	at com.mojang.authlib.yggdrasil.YggdrasilMinecraftSessionService.fillGameProfile(YggdrasilMinecraftSessionService.java:158) [YggdrasilMinecraftSessionService.class:?]
	at com.mojang.authlib.yggdrasil.YggdrasilMinecraftSessionService$1.load(YggdrasilMinecraftSessionService.java:53) [YggdrasilMinecraftSessionService$1.class:?]
	at com.mojang.authlib.yggdrasil.YggdrasilMinecraftSessionService$1.load(YggdrasilMinecraftSessionService.java:50) [YggdrasilMinecraftSessionService$1.class:?]
	at com.google.common.cache.LocalCache$LoadingValueReference.loadFuture(LocalCache.java:3524) [guava-17.0.jar:?]
	at com.google.common.cache.LocalCache$Segment.loadSync(LocalCache.java:2317) [guava-17.0.jar:?]
	at com.google.common.cache.LocalCache$Segment.lockedGetOrLoad(LocalCache.java:2280) [guava-17.0.jar:?]
	at com.google.common.cache.LocalCache$Segment.get(LocalCache.java:2195) [guava-17.0.jar:?]
	at com.google.common.cache.LocalCache.get(LocalCache.java:3934) [guava-17.0.jar:?]
	at com.google.common.cache.LocalCache.getOrLoad(LocalCache.java:3938) [guava-17.0.jar:?]
	at com.google.common.cache.LocalCache$LocalLoadingCache.get(LocalCache.java:4821) [guava-17.0.jar:?]
	at com.google.common.cache.LocalCache$LocalLoadingCache.getUnchecked(LocalCache.java:4827) [guava-17.0.jar:?]
	at com.mojang.authlib.yggdrasil.YggdrasilMinecraftSessionService.fillProfileProperties(YggdrasilMinecraftSessionService.java:148) [YggdrasilMinecraftSessionService.class:?]
	at net.minecraft.client.resources.SkinManager$3.run(SkinManager.java:133) [SkinManager$3.class:?]
	at java.util.concurrent.Executors$RunnableAdapter.call(Unknown Source) [?:1.8.0_251]
	at java.util.concurrent.FutureTask.run(Unknown Source) [?:1.8.0_251]
	at java.util.concurrent.ThreadPoolExecutor.runWorker(Unknown Source) [?:1.8.0_251]
	at java.util.concurrent.ThreadPoolExecutor$Worker.run(Unknown Source) [?:1.8.0_251]
	at java.lang.Thread.run(Unknown Source) [?:1.8.0_251]
Caused by: java.net.UnknownHostException: sessionserver.mojang.com
	at java.net.AbstractPlainSocketImpl.connect(Unknown Source) ~[?:1.8.0_251]
	at java.net.PlainSocketImpl.connect(Unknown Source) ~[?:1.8.0_251]
	at java.net.SocksSocketImpl.connect(Unknown Source) ~[?:1.8.0_251]
	at java.net.Socket.connect(Unknown Source) ~[?:1.8.0_251]
	at sun.security.ssl.SSLSocketImpl.connect(Unknown Source) ~[?:1.8.0_251]
	at sun.net.NetworkClient.doConnect(Unknown Source) ~[?:1.8.0_251]
	at sun.net.www.http.HttpClient.openServer(Unknown Source) ~[?:1.8.0_251]
	at sun.net.www.http.HttpClient.openServer(Unknown Source) ~[?:1.8.0_251]
	at sun.net.www.protocol.https.HttpsClient.<init>(Unknown Source) ~[?:1.8.0_251]
	at sun.net.www.protocol.https.HttpsClient.New(Unknown Source) ~[?:1.8.0_251]
	at sun.net.www.protocol.https.AbstractDelegateHttpsURLConnection.getNewHttpClient(Unknown Source) ~[?:1.8.0_251]
	at sun.net.www.protocol.http.HttpURLConnection.plainConnect0(Unknown Source) ~[?:1.8.0_251]
	at sun.net.www.protocol.http.HttpURLConnection$6.run(Unknown Source) ~[?:1.8.0_251]
	at sun.net.www.protocol.http.HttpURLConnection$6.run(Unknown Source) ~[?:1.8.0_251]
	at java.security.AccessController.doPrivileged(Native Method) ~[?:1.8.0_251]
	at java.security.AccessController.doPrivilegedWithCombiner(Unknown Source) ~[?:1.8.0_251]
	at sun.net.www.protocol.http.HttpURLConnection.plainConnect(Unknown Source) ~[?:1.8.0_251]
	at sun.net.www.protocol.https.AbstractDelegateHttpsURLConnection.connect(Unknown Source) ~[?:1.8.0_251]
	at sun.net.www.protocol.http.HttpURLConnection.getInputStream0(Unknown Source) ~[?:1.8.0_251]
	at sun.net.www.protocol.http.HttpURLConnection.access$200(Unknown Source) ~[?:1.8.0_251]
	at sun.net.www.protocol.http.HttpURLConnection$9.run(Unknown Source) ~[?:1.8.0_251]
	at sun.net.www.protocol.http.HttpURLConnection$9.run(Unknown Source) ~[?:1.8.0_251]
	at java.security.AccessController.doPrivileged(Native Method) ~[?:1.8.0_251]
	at java.security.AccessController.doPrivilegedWithCombiner(Unknown Source) ~[?:1.8.0_251]
	at sun.net.www.protocol.http.HttpURLConnection.getInputStream(Unknown Source) ~[?:1.8.0_251]
	at sun.net.www.protocol.https.HttpsURLConnectionImpl.getInputStream(Unknown Source) ~[?:1.8.0_251]
	at com.mojang.authlib.HttpAuthenticationService.performGetRequest(HttpAuthenticationService.java:126) ~[HttpAuthenticationService.class:?]
	at com.mojang.authlib.yggdrasil.YggdrasilAuthenticationService.makeRequest(YggdrasilAuthenticationService.java:54) ~[YggdrasilAuthenticationService.class:?]
	... 18 more
[10:51:27] [Server thread/INFO]: Player537 vient d'obtenir le succès [Faire l'inventaire]
[10:51:27] [Client thread/INFO]: [CHAT] Player537 vient d'obtenir le succès [Faire l'inventaire]
[10:51:36] [Client thread/INFO]: Stopping!
[10:51:36] [Server thread/INFO]: Stopping server
[10:51:36] [Server thread/INFO]: Saving players
[10:51:36] [Server thread/INFO]: Saving worlds
[10:51:36] [Server thread/INFO]: Saving chunks for level 'Test Génération'/Overworld
[10:51:37] [Server thread/INFO]: Saving chunks for level 'Test Génération'/Nether
[10:51:37] [Server thread/INFO]: Saving chunks for level 'Test Génération'/The End
[10:51:37] [Client Shutdown Thread/INFO]: Stopping server
[10:51:37] [Client Shutdown Thread/INFO]: Saving players
